Collecting faster-whisper
  Using cached faster_whisper-1.2.1-py3-none-any.whl.metadata (16 kB)
Requirement already satisfied: ctranslate2<5,>=4.0 in c:\tools\organizefiles0112\localcuratorprime\venv\lib\site-packages (from faster-whisper) (4.7.1)
Requirement already satisfied: huggingface-hub>=0.21 in c:\tools\organizefiles0112\localcuratorprime\venv\lib\site-packages (from faster-whisper) (0.36.2)
Requirement already satisfied: tokenizers<1,>=0.13 in c:\tools\organizefiles0112\localcuratorprime\venv\lib\site-packages (from faster-whisper) (0.15.2)
Collecting onnxruntime<2,>=1.14 (from faster-whisper)
  Using cached onnxruntime-1.23.2-cp310-cp310-win_amd64.whl.metadata (5.3 kB)
Requirement already satisfied: av>=11 in c:\tools\organizefiles0112\localcuratorprime\venv\lib\site-packages (from faster-whisper) (16.1.0)
Requirement already satisfied: tqdm in c:\tools\organizefiles0112\localcuratorprime\venv\lib\site-packages (from faster-whisper) (4.67.1)
Requirement already satisfied: setuptools in c:\tools\organizefiles0112\localcuratorprime\venv\lib\site-packages (from ctranslate2<5,>=4.0->faster-whisper) (65.5.0)
Requirement already satisfied: numpy in c:\tools\organizefiles0112\localcuratorprime\venv\lib\site-packages (from ctranslate2<5,>=4.0->faster-whisper) (2.2.6)
Requirement already satisfied: pyyaml<7,>=5.3 in c:\tools\organizefiles0112\localcuratorprime\venv\lib\site-packages (from ctranslate2<5,>=4.0->faster-whisper) (6.0.3)
Requirement already satisfied: coloredlogs in c:\tools\organizefiles0112\localcuratorprime\venv\lib\site-packages (from onnxruntime<2,>=1.14->faster-whisper) (15.0.1)
Requirement already satisfied: flatbuffers in c:\tools\organizefiles0112\localcuratorprime\venv\lib\site-packages (from onnxruntime<2,>=1.14->faster-whisper) (25.12.19)
Requirement already satisfied: packaging in c:\tools\organizefiles0112\localcuratorprime\venv\lib\site-packages (from onnxruntime<2,>=1.14->faster-whisper) (25.0)
Requirement already satisfied: protobuf in c:\tools\organizefiles0112\localcuratorprime\venv\lib\site-packages (from onnxruntime<2,>=1.14->faster-whisper) (6.33.3)
Requirement already satisfied: sympy in c:\tools\organizefiles0112\localcuratorprime\venv\lib\site-packages (from onnxruntime<2,>=1.14->faster-whisper) (1.13.1)
Requirement already satisfied: filelock in c:\tools\organizefiles0112\localcuratorprime\venv\lib\site-packages (from huggingface-hub>=0.21->faster-whisper) (3.20.0)
Requirement already satisfied: fsspec>=2023.5.0 in c:\tools\organizefiles0112\localcuratorprime\venv\lib\site-packages (from huggingface-hub>=0.21->faster-whisper) (2025.12.0)
Requirement already satisfied: requests in c:\tools\organizefiles0112\localcuratorprime\venv\lib\site-packages (from huggingface-hub>=0.21->faster-whisper) (2.32.5)
Requirement already satisfied: typing-extensions>=3.7.4.3 in c:\tools\organizefiles0112\localcuratorprime\venv\lib\site-packages (from huggingface-hub>=0.21->faster-whisper) (4.15.0)
Requirement already satisfied: colorama in c:\tools\organizefiles0112\localcuratorprime\venv\lib\site-packages (from tqdm->faster-whisper) (0.4.6)
Requirement already satisfied: humanfriendly>=9.1 in c:\tools\organizefiles0112\localcuratorprime\venv\lib\site-packages (from coloredlogs->onnxruntime<2,>=1.14->faster-whisper) (10.0)
Requirement already satisfied: pyreadline3 in c:\tools\organizefiles0112\localcuratorprime\venv\lib\site-packages (from humanfriendly>=9.1->coloredlogs->onnxruntime<2,>=1.14->faster-whisper) (3.5.4)
Requirement already satisfied: charset_normalizer<4,>=2 in c:\tools\organizefiles0112\localcuratorprime\venv\lib\site-packages (from requests->huggingface-hub>=0.21->faster-whisper) (3.4.4)
Requirement already satisfied: idna<4,>=2.5 in c:\tools\organizefiles0112\localcuratorprime\venv\lib\site-packages (from requests->huggingface-hub>=0.21->faster-whisper) (3.11)
Requirement already satisfied: urllib3<3,>=1.21.1 in c:\tools\organizefiles0112\localcuratorprime\venv\lib\site-packages (from requests->huggingface-hub>=0.21->faster-whisper) (2.6.3)
Requirement already satisfied: certifi>=2017.4.17 in c:\tools\organizefiles0112\localcuratorprime\venv\lib\site-packages (from requests->huggingface-hub>=0.21->faster-whisper) (2026.1.4)
Requirement already satisfied: mpmath<1.4,>=1.1.0 in c:\tools\organizefiles0112\localcuratorprime\venv\lib\site-packages (from sympy->onnxruntime<2,>=1.14->faster-whisper) (1.3.0)
Using cached faster_whisper-1.2.1-py3-none-any.whl (1.1 MB)
Using cached onnxruntime-1.23.2-cp310-cp310-win_amd64.whl (13.5 MB)
Installing collected packages: onnxruntime, faster-whisper
ERROR: Could not install packages due to an OSError: [WinError 5] アクセスが拒否されました。: 'C:\\tools\\organizefiles0112\\LocalCuratorPrime\\venv\\Lib\\site-packages\\onnxruntime\\capi\\onnxruntime_providers_shared.dll'
Check the permissions.



[notice] A new release of pip is available: 25.3 -> 26.0.1
[notice] To update, run: C:\tools\organizefiles0112\LocalCuratorPrime\venv\Scripts\python.exe -m pip install --upgrade pip
